[debug] [2023-02-22T08:13:46.695Z] ----------------------------------------------------------------------
[debug] [2023-02-22T08:13:46.698Z] Command:       /home/mtonon/.nvm/versions/node/v18.14.0/bin/node /home/mtonon/.nvm/versions/node/v18.14.0/bin/firebase init
[debug] [2023-02-22T08:13:46.699Z] CLI Version:   11.23.1
[debug] [2023-02-22T08:13:46.699Z] Platform:      linux
[debug] [2023-02-22T08:13:46.699Z] Node Version:  v18.14.0
[debug] [2023-02-22T08:13:46.700Z] Time:          Wed Feb 22 2023 05:13:46 GMT-0300 (Brasilia Standard Time)
[debug] [2023-02-22T08:13:46.700Z] ----------------------------------------------------------------------
[debug] 
[debug] [2023-02-22T08:13:46.706Z] > command requires scopes: ["email","openid","https://www.googleapis.com/auth/cloudplatformprojects.readonly","https://www.googleapis.com/auth/firebase","https://www.googleapis.com/auth/cloud-platform"]
[debug] [2023-02-22T08:13:46.707Z] > authorizing via signed-in user (math.tonon@gmail.com)
[info] 
     ######## #### ########  ######## ########     ###     ######  ########
     ##        ##  ##     ## ##       ##     ##  ##   ##  ##       ##
     ######    ##  ########  ######   ########  #########  ######  ######
     ##        ##  ##    ##  ##       ##     ## ##     ##       ## ##
     ##       #### ##     ## ######## ########  ##     ##  ######  ########

You're about to initialize a Firebase project in this directory:

  /home/mtonon/Web Dev/Projects/angular/weather-app

[info] 
=== Project Setup
[info] 
[info] First, let's associate this project directory with a Firebase project.
[info] You can create multiple project aliases by running firebase use --add, 
[info] but for now we'll just set up a default project.
[info] 
[info] i  If you want to create a project in a Google Cloud organization or folder, please use "firebase projects:create" instead, and return to this command when you've created the project. 
[debug] [2023-02-22T08:14:29.505Z] > refreshing access token with scopes: []
[debug] [2023-02-22T08:14:29.514Z] >>> [apiv2][query] POST https://www.googleapis.com/oauth2/v3/token [none]
[debug] [2023-02-22T08:14:29.515Z] >>> [apiv2][body] POST https://www.googleapis.com/oauth2/v3/token [omitted]
[debug] [2023-02-22T08:14:29.844Z] <<< [apiv2][status] POST https://www.googleapis.com/oauth2/v3/token 200
[debug] [2023-02-22T08:14:29.844Z] <<< [apiv2][body] POST https://www.googleapis.com/oauth2/v3/token [omitted]
[debug] [2023-02-22T08:14:29.859Z] >>> [apiv2][query] POST https://cloudresourcemanager.googleapis.com/v1/projects [none]
[debug] [2023-02-22T08:14:29.859Z] >>> [apiv2][body] POST https://cloudresourcemanager.googleapis.com/v1/projects {"projectId":"weather-app","name":"weather-app"}
[debug] [2023-02-22T08:14:30.964Z] <<< [apiv2][status] POST https://cloudresourcemanager.googleapis.com/v1/projects 409
[debug] [2023-02-22T08:14:30.964Z] <<< [apiv2][body] POST https://cloudresourcemanager.googleapis.com/v1/projects {"error":{"code":409,"message":"Requested entity already exists","status":"ALREADY_EXISTS"}}
[debug] [2023-02-22T08:14:31.148Z] FirebaseError: HTTP Error: 409, Requested entity already exists
    at responseToError (/home/mtonon/.nvm/versions/node/v18.14.0/lib/node_modules/firebase-tools/lib/responseToError.js:49:12)
    at RetryOperation._fn (/home/mtonon/.nvm/versions/node/v18.14.0/lib/node_modules/firebase-tools/lib/apiv2.js:288:77)
    at process.processTicksAndRejections (node:internal/process/task_queues:95:5)
[error] 
[error] Error: Failed to create project because there is already a project with ID weather-app. Please try again with a unique project ID.
